<?xml version="1.0" encoding="UTF-8"?>
<coverage generated="1621285416724" clover="3.2.0">
  <project timestamp="1621285416724" name="All files">
    <metrics statements="42" coveredstatements="36" conditionals="24" coveredconditionals="22" methods="9" coveredmethods="8" elements="75" coveredelements="66" complexity="0" loc="42" ncloc="42" packages="1" files="1" classes="1"/>
    <file name="LinkedList.js" path="/home/thays/projetos/estudos/estruturas-de-dados/linked-list/LinkedList.js">
      <metrics statements="42" coveredstatements="36" conditionals="24" coveredconditionals="22" methods="9" coveredmethods="8"/>
      <line num="3" count="43" type="stmt"/>
      <line num="4" count="43" type="stmt"/>
      <line num="10" count="15" type="stmt"/>
      <line num="11" count="15" type="stmt"/>
      <line num="15" count="42" type="stmt"/>
      <line num="16" count="42" type="stmt"/>
      <line num="17" count="42" type="stmt"/>
      <line num="22" count="9" type="cond" truecount="2" falsecount="0"/>
      <line num="24" count="8" type="cond" truecount="2" falsecount="0"/>
      <line num="26" count="7" type="cond" truecount="2" falsecount="0"/>
      <line num="28" count="6" type="stmt"/>
      <line num="30" count="6" type="stmt"/>
      <line num="31" count="9" type="stmt"/>
      <line num="34" count="6" type="stmt"/>
      <line num="38" count="4" type="cond" truecount="2" falsecount="0"/>
      <line num="40" count="3" type="cond" truecount="2" falsecount="0"/>
      <line num="42" count="2" type="cond" truecount="2" falsecount="0"/>
      <line num="44" count="1" type="stmt"/>
      <line num="46" count="1" type="cond" truecount="1" falsecount="1"/>
      <line num="48" count="1" type="stmt"/>
      <line num="50" count="1" type="stmt"/>
      <line num="54" count="3" type="cond" truecount="2" falsecount="0"/>
      <line num="56" count="2" type="stmt"/>
      <line num="57" count="2" type="stmt"/>
      <line num="61" count="4" type="cond" truecount="2" falsecount="0"/>
      <line num="63" count="3" type="cond" truecount="2" falsecount="0"/>
      <line num="65" count="2" type="cond" truecount="2" falsecount="0"/>
      <line num="67" count="1" type="stmt"/>
      <line num="68" count="1" type="cond" truecount="1" falsecount="1"/>
      <line num="70" count="1" type="stmt"/>
      <line num="71" count="1" type="stmt"/>
      <line num="75" count="0" type="stmt"/>
      <line num="76" count="0" type="stmt"/>
      <line num="78" count="0" type="stmt"/>
      <line num="79" count="0" type="stmt"/>
      <line num="80" count="0" type="stmt"/>
      <line num="83" count="0" type="stmt"/>
      <line num="87" count="1" type="stmt"/>
      <line num="88" count="13" type="stmt"/>
      <line num="89" count="13" type="stmt"/>
      <line num="90" count="39" type="stmt"/>
      <line num="92" count="13" type="stmt"/>
    </file>
  </project>
</coverage>
