{"/home/thays/projetos/estudos/estruturas-de-dados/linked-list/LinkedList.js": {"path":"/home/thays/projetos/estudos/estruturas-de-dados/linked-list/LinkedList.js","statementMap":{"0":{"start":{"line":3,"column":8},"end":{"line":3,"column":27}},"1":{"start":{"line":4,"column":8},"end":{"line":4,"column":25}},"2":{"start":{"line":10,"column":8},"end":{"line":10,"column":25}},"3":{"start":{"line":11,"column":8},"end":{"line":11,"column":24}},"4":{"start":{"line":15,"column":21},"end":{"line":15,"column":56}},"5":{"start":{"line":16,"column":8},"end":{"line":16,"column":25}},"6":{"start":{"line":17,"column":8},"end":{"line":17,"column":24}},"7":{"start":{"line":22,"column":8},"end":{"line":22,"column":34}},"8":{"start":{"line":22,"column":22},"end":{"line":22,"column":34}},"9":{"start":{"line":24,"column":8},"end":{"line":24,"column":44}},"10":{"start":{"line":24,"column":32},"end":{"line":24,"column":44}},"11":{"start":{"line":26,"column":8},"end":{"line":26,"column":41}},"12":{"start":{"line":26,"column":24},"end":{"line":26,"column":41}},"13":{"start":{"line":28,"column":22},"end":{"line":28,"column":36}},"14":{"start":{"line":30,"column":8},"end":{"line":32,"column":9}},"15":{"start":{"line":30,"column":20},"end":{"line":30,"column":21}},"16":{"start":{"line":31,"column":12},"end":{"line":31,"column":34}},"17":{"start":{"line":34,"column":8},"end":{"line":34,"column":22}},"18":{"start":{"line":38,"column":8},"end":{"line":38,"column":29}},"19":{"start":{"line":38,"column":22},"end":{"line":38,"column":29}},"20":{"start":{"line":40,"column":8},"end":{"line":40,"column":39}},"21":{"start":{"line":40,"column":32},"end":{"line":40,"column":39}},"22":{"start":{"line":42,"column":8},"end":{"line":42,"column":56}},"23":{"start":{"line":42,"column":24},"end":{"line":42,"column":56}},"24":{"start":{"line":44,"column":25},"end":{"line":44,"column":51}},"25":{"start":{"line":46,"column":8},"end":{"line":46,"column":42}},"26":{"start":{"line":46,"column":30},"end":{"line":46,"column":42}},"27":{"start":{"line":48,"column":8},"end":{"line":48,"column":65}},"28":{"start":{"line":50,"column":8},"end":{"line":50,"column":25}},"29":{"start":{"line":54,"column":8},"end":{"line":54,"column":38}},"30":{"start":{"line":54,"column":31},"end":{"line":54,"column":38}},"31":{"start":{"line":56,"column":8},"end":{"line":56,"column":35}},"32":{"start":{"line":57,"column":8},"end":{"line":57,"column":25}},"33":{"start":{"line":61,"column":8},"end":{"line":61,"column":29}},"34":{"start":{"line":61,"column":22},"end":{"line":61,"column":29}},"35":{"start":{"line":63,"column":8},"end":{"line":63,"column":39}},"36":{"start":{"line":63,"column":32},"end":{"line":63,"column":39}},"37":{"start":{"line":65,"column":8},"end":{"line":65,"column":49}},"38":{"start":{"line":65,"column":24},"end":{"line":65,"column":49}},"39":{"start":{"line":67,"column":25},"end":{"line":67,"column":51}},"40":{"start":{"line":68,"column":8},"end":{"line":68,"column":41}},"41":{"start":{"line":68,"column":30},"end":{"line":68,"column":41}},"42":{"start":{"line":70,"column":8},"end":{"line":70,"column":42}},"43":{"start":{"line":71,"column":8},"end":{"line":71,"column":25}},"44":{"start":{"line":75,"column":21},"end":{"line":75,"column":23}},"45":{"start":{"line":76,"column":22},"end":{"line":76,"column":31}},"46":{"start":{"line":78,"column":8},"end":{"line":81,"column":9}},"47":{"start":{"line":79,"column":12},"end":{"line":79,"column":52}},"48":{"start":{"line":80,"column":12},"end":{"line":80,"column":34}},"49":{"start":{"line":83,"column":8},"end":{"line":83,"column":36}},"50":{"start":{"line":87,"column":0},"end":{"line":93,"column":1}},"51":{"start":{"line":88,"column":17},"end":{"line":88,"column":33}},"52":{"start":{"line":89,"column":4},"end":{"line":91,"column":5}},"53":{"start":{"line":90,"column":8},"end":{"line":90,"column":32}},"54":{"start":{"line":92,"column":4},"end":{"line":92,"column":16}}},"fnMap":{"0":{"name":"(anonymous_0)","decl":{"start":{"line":2,"column":4},"end":{"line":2,"column":5}},"loc":{"start":{"line":2,"column":28},"end":{"line":5,"column":5}},"line":2},"1":{"name":"(anonymous_1)","decl":{"start":{"line":9,"column":4},"end":{"line":9,"column":5}},"loc":{"start":{"line":9,"column":17},"end":{"line":12,"column":5}},"line":9},"2":{"name":"(anonymous_2)","decl":{"start":{"line":14,"column":4},"end":{"line":14,"column":5}},"loc":{"start":{"line":14,"column":22},"end":{"line":18,"column":5}},"line":14},"3":{"name":"(anonymous_3)","decl":{"start":{"line":21,"column":4},"end":{"line":21,"column":5}},"loc":{"start":{"line":21,"column":21},"end":{"line":35,"column":5}},"line":21},"4":{"name":"(anonymous_4)","decl":{"start":{"line":37,"column":4},"end":{"line":37,"column":5}},"loc":{"start":{"line":37,"column":31},"end":{"line":51,"column":5}},"line":37},"5":{"name":"(anonymous_5)","decl":{"start":{"line":53,"column":4},"end":{"line":53,"column":5}},"loc":{"start":{"line":53,"column":16},"end":{"line":58,"column":5}},"line":53},"6":{"name":"(anonymous_6)","decl":{"start":{"line":60,"column":4},"end":{"line":60,"column":5}},"loc":{"start":{"line":60,"column":31},"end":{"line":72,"column":5}},"line":60},"7":{"name":"(anonymous_7)","decl":{"start":{"line":74,"column":4},"end":{"line":74,"column":5}},"loc":{"start":{"line":74,"column":11},"end":{"line":84,"column":5}},"line":74},"8":{"name":"(anonymous_8)","decl":{"start":{"line":87,"column":24},"end":{"line":87,"column":25}},"loc":{"start":{"line":87,"column":45},"end":{"line":93,"column":1}},"line":87}},"branchMap":{"0":{"loc":{"start":{"line":22,"column":8},"end":{"line":22,"column":34}},"type":"if","locations":[{"start":{"line":22,"column":8},"end":{"line":22,"column":34}},{"start":{"line":22,"column":8},"end":{"line":22,"column":34}}],"line":22},"1":{"loc":{"start":{"line":24,"column":8},"end":{"line":24,"column":44}},"type":"if","locations":[{"start":{"line":24,"column":8},"end":{"line":24,"column":44}},{"start":{"line":24,"column":8},"end":{"line":24,"column":44}}],"line":24},"2":{"loc":{"start":{"line":26,"column":8},"end":{"line":26,"column":41}},"type":"if","locations":[{"start":{"line":26,"column":8},"end":{"line":26,"column":41}},{"start":{"line":26,"column":8},"end":{"line":26,"column":41}}],"line":26},"3":{"loc":{"start":{"line":38,"column":8},"end":{"line":38,"column":29}},"type":"if","locations":[{"start":{"line":38,"column":8},"end":{"line":38,"column":29}},{"start":{"line":38,"column":8},"end":{"line":38,"column":29}}],"line":38},"4":{"loc":{"start":{"line":40,"column":8},"end":{"line":40,"column":39}},"type":"if","locations":[{"start":{"line":40,"column":8},"end":{"line":40,"column":39}},{"start":{"line":40,"column":8},"end":{"line":40,"column":39}}],"line":40},"5":{"loc":{"start":{"line":42,"column":8},"end":{"line":42,"column":56}},"type":"if","locations":[{"start":{"line":42,"column":8},"end":{"line":42,"column":56}},{"start":{"line":42,"column":8},"end":{"line":42,"column":56}}],"line":42},"6":{"loc":{"start":{"line":46,"column":8},"end":{"line":46,"column":42}},"type":"if","locations":[{"start":{"line":46,"column":8},"end":{"line":46,"column":42}},{"start":{"line":46,"column":8},"end":{"line":46,"column":42}}],"line":46},"7":{"loc":{"start":{"line":54,"column":8},"end":{"line":54,"column":38}},"type":"if","locations":[{"start":{"line":54,"column":8},"end":{"line":54,"column":38}},{"start":{"line":54,"column":8},"end":{"line":54,"column":38}}],"line":54},"8":{"loc":{"start":{"line":61,"column":8},"end":{"line":61,"column":29}},"type":"if","locations":[{"start":{"line":61,"column":8},"end":{"line":61,"column":29}},{"start":{"line":61,"column":8},"end":{"line":61,"column":29}}],"line":61},"9":{"loc":{"start":{"line":63,"column":8},"end":{"line":63,"column":39}},"type":"if","locations":[{"start":{"line":63,"column":8},"end":{"line":63,"column":39}},{"start":{"line":63,"column":8},"end":{"line":63,"column":39}}],"line":63},"10":{"loc":{"start":{"line":65,"column":8},"end":{"line":65,"column":49}},"type":"if","locations":[{"start":{"line":65,"column":8},"end":{"line":65,"column":49}},{"start":{"line":65,"column":8},"end":{"line":65,"column":49}}],"line":65},"11":{"loc":{"start":{"line":68,"column":8},"end":{"line":68,"column":41}},"type":"if","locations":[{"start":{"line":68,"column":8},"end":{"line":68,"column":41}},{"start":{"line":68,"column":8},"end":{"line":68,"column":41}}],"line":68}},"s":{"0":43,"1":43,"2":15,"3":15,"4":42,"5":42,"6":42,"7":9,"8":1,"9":8,"10":1,"11":7,"12":1,"13":6,"14":6,"15":6,"16":9,"17":6,"18":4,"19":1,"20":3,"21":1,"22":2,"23":1,"24":1,"25":1,"26":0,"27":1,"28":1,"29":3,"30":1,"31":2,"32":2,"33":4,"34":1,"35":3,"36":1,"37":2,"38":1,"39":1,"40":1,"41":0,"42":1,"43":1,"44":0,"45":0,"46":0,"47":0,"48":0,"49":0,"50":1,"51":13,"52":13,"53":39,"54":13},"f":{"0":43,"1":15,"2":42,"3":9,"4":4,"5":3,"6":4,"7":0,"8":13},"b":{"0":[1,8],"1":[1,7],"2":[1,6],"3":[1,3],"4":[1,2],"5":[1,1],"6":[0,1],"7":[1,2],"8":[1,3],"9":[1,2],"10":[1,1],"11":[0,1]},"inputSourceMap":null,"_coverageSchema":"1a1c01bbd47fc00a2c39e90264f33305004495a9","hash":"e8de65725cd745543fdab2e26b235ea2c5df6942"}
}
