TN:
SF:LinkedList.js
FN:2,(anonymous_0)
FN:9,(anonymous_1)
FN:14,(anonymous_2)
FN:21,(anonymous_3)
FN:37,(anonymous_4)
FN:53,(anonymous_5)
FN:60,(anonymous_6)
FN:74,(anonymous_7)
FN:87,(anonymous_8)
FNF:9
FNH:8
FNDA:43,(anonymous_0)
FNDA:15,(anonymous_1)
FNDA:42,(anonymous_2)
FNDA:9,(anonymous_3)
FNDA:4,(anonymous_4)
FNDA:3,(anonymous_5)
FNDA:4,(anonymous_6)
FNDA:0,(anonymous_7)
FNDA:13,(anonymous_8)
DA:3,43
DA:4,43
DA:10,15
DA:11,15
DA:15,42
DA:16,42
DA:17,42
DA:22,9
DA:24,8
DA:26,7
DA:28,6
DA:30,6
DA:31,9
DA:34,6
DA:38,4
DA:40,3
DA:42,2
DA:44,1
DA:46,1
DA:48,1
DA:50,1
DA:54,3
DA:56,2
DA:57,2
DA:61,4
DA:63,3
DA:65,2
DA:67,1
DA:68,1
DA:70,1
DA:71,1
DA:75,0
DA:76,0
DA:78,0
DA:79,0
DA:80,0
DA:83,0
DA:87,1
DA:88,13
DA:89,13
DA:90,39
DA:92,13
LF:42
LH:36
BRDA:22,0,0,1
BRDA:22,0,1,8
BRDA:24,1,0,1
BRDA:24,1,1,7
BRDA:26,2,0,1
BRDA:26,2,1,6
BRDA:38,3,0,1
BRDA:38,3,1,3
BRDA:40,4,0,1
BRDA:40,4,1,2
BRDA:42,5,0,1
BRDA:42,5,1,1
BRDA:46,6,0,0
BRDA:46,6,1,1
BRDA:54,7,0,1
BRDA:54,7,1,2
BRDA:61,8,0,1
BRDA:61,8,1,3
BRDA:63,9,0,1
BRDA:63,9,1,2
BRDA:65,10,0,1
BRDA:65,10,1,1
BRDA:68,11,0,0
BRDA:68,11,1,1
BRF:24
BRH:22
end_of_record
